Harbour 3.2.0dev (r1703241902)
Copyright (c) 1999-2016, http://harbour-project.org/
In file included from eib_hmg.prg:361:0:
c:/hmg.3.4.4/include/HMG_UNICODE.h:72:0: warning: "HMG_CHAR_TO_WCHAR" redefined
    #define HMG_CHAR_TO_WCHAR(c)     ((c != NULL) ? hb_osStrU16Encode(c) : NULL)  // return WCHAR
 ^
In file included from eib_hmg.prg:330:0:
c:/hmg.3.4.4/include/HMG_UNICODE.h:103:0: note: this is the location of the previous definition
    #define HMG_CHAR_TO_WCHAR(c)     (c)
 ^
In file included from eib_hmg.prg:361:0:
c:/hmg.3.4.4/include/HMG_UNICODE.h:73:0: warning: "HMG_parc" redefined
       #define HMG_parc(n)            HMG_CHAR_TO_WCHAR (hb_parc(n))
 ^
In file included from eib_hmg.prg:330:0:
c:/hmg.3.4.4/include/HMG_UNICODE.h:104:0: note: this is the location of the previous definition
       #define HMG_parc(n)            hb_parc (n)     
 ^
In file included from eib_hmg.prg:361:0:
c:/hmg.3.4.4/include/HMG_UNICODE.h:74:0: warning: "HMG_parvc" redefined
       #define HMG_parvc(n,i)         HMG_CHAR_TO_WCHAR (hb_parvc(n,i))
 ^
In file included from eib_hmg.prg:330:0:
c:/hmg.3.4.4/include/HMG_UNICODE.h:105:0: note: this is the location of the previous definition
       #define HMG_parvc(n,i)         hb_parvc (n,i)
 ^
In file included from eib_hmg.prg:361:0:
c:/hmg.3.4.4/include/HMG_UNICODE.h:75:0: warning: "HMG_arrayGetCPtr" redefined
       #define HMG_arrayGetCPtr(a,n)  HMG_CHAR_TO_WCHAR (hb_arrayGetCPtr(a,n))
 ^
In file included from eib_hmg.prg:330:0:
c:/hmg.3.4.4/include/HMG_UNICODE.h:106:0: note: this is the location of the previous definition
       #define HMG_arrayGetCPtr(a,n)  hb_arrayGetCPtr (a,n)
 ^
In file included from eib_hmg.prg:361:0:
c:/hmg.3.4.4/include/HMG_UNICODE.h:77:0: warning: "HMG_WCHAR_TO_CHAR" redefined
    #define HMG_WCHAR_TO_CHAR(c)      hb_osStrU16Decode(c)                       // return CHAR
 ^
In file included from eib_hmg.prg:330:0:
c:/hmg.3.4.4/include/HMG_UNICODE.h:108:0: note: this is the location of the previous definition
    #define HMG_WCHAR_TO_CHAR(c)     (c)
 ^
In file included from eib_hmg.prg:361:0:
c:/hmg.3.4.4/include/HMG_UNICODE.h:78:0: warning: "HMG_retc" redefined
       #define HMG_retc(c)            hb_retc    (HMG_WCHAR_TO_CHAR(c))
 ^
In file included from eib_hmg.prg:330:0:
c:/hmg.3.4.4/include/HMG_UNICODE.h:109:0: note: this is the location of the previous definition
       #define HMG_retc(c)            hb_retc (c)
 ^
In file included from eib_hmg.prg:361:0:
c:/hmg.3.4.4/include/HMG_UNICODE.h:79:0: warning: "HMG_storc" redefined
       #define HMG_storc(c,i)         hb_storc   (HMG_WCHAR_TO_CHAR(c),i)
 ^
In file included from eib_hmg.prg:330:0:
c:/hmg.3.4.4/include/HMG_UNICODE.h:110:0: note: this is the location of the previous definition
       #define HMG_storc(c,i)         hb_storc (c,i)
 ^
In file included from eib_hmg.prg:361:0:
c:/hmg.3.4.4/include/HMG_UNICODE.h:80:0: warning: "HMG_storvc" redefined
       #define HMG_storvc(c,l,n)      hb_storvc  (HMG_WCHAR_TO_CHAR(c),l,n) 
 ^
In file included from eib_hmg.prg:330:0:
c:/hmg.3.4.4/include/HMG_UNICODE.h:111:0: note: this is the location of the previous definition
       #define HMG_storvc(c,l,n)      hb_storvc (c,l,n)
 ^
In file included from eib_hmg.prg:361:0:
c:/hmg.3.4.4/include/HMG_UNICODE.h:81:0: warning: "HMG_retclen" redefined
       #define HMG_retclen(c,l)       hb_retclen (HMG_WCHAR_TO_CHAR(c),l)
 ^
In file included from eib_hmg.prg:330:0:
c:/hmg.3.4.4/include/HMG_UNICODE.h:112:0: note: this is the location of the previous definition
       #define HMG_retclen(c,l)       hb_retclen (c,l)
 ^
In file included from eib_hmg.prg:361:0:
c:/hmg.3.4.4/include/HMG_UNICODE.h:82:0: warning: "HMG_retc_buffer" redefined
       #define HMG_retc_buffer(c)     hb_retc_buffer (HMG_WCHAR_TO_CHAR(c))
 ^
In file included from eib_hmg.prg:330:0:
c:/hmg.3.4.4/include/HMG_UNICODE.h:113:0: note: this is the location of the previous definition
       #define HMG_retc_buffer(c)     hb_retc_buffer (c)
 ^
In file included from eib_hmg.prg:361:0:
c:/hmg.3.4.4/include/HMG_UNICODE.h:84:0: warning: "HMG_itemPutC" redefined
       #define HMG_itemPutC(p, c)            hb_itemPutC      (p, HMG_WCHAR_TO_CHAR(c))
 ^
In file included from eib_hmg.prg:330:0:
c:/hmg.3.4.4/include/HMG_UNICODE.h:115:0: note: this is the location of the previous definition
       #define HMG_itemPutC(p, c)            hb_itemPutC      (p, c)
 ^
In file included from eib_hmg.prg:361:0:
c:/hmg.3.4.4/include/HMG_UNICODE.h:85:0: warning: "HMG_itemPutCL" redefined
       #define HMG_itemPutCL(p, c, l)        hb_itemPutCL     (p, HMG_WCHAR_TO_CHAR(c), l)
 ^
In file included from eib_hmg.prg:330:0:
c:/hmg.3.4.4/include/HMG_UNICODE.h:116:0: note: this is the location of the previous definition
       #define HMG_itemPutCL(p, c, l)        hb_itemPutCL     (p, c, l)
 ^
In file included from eib_hmg.prg:361:0:
c:/hmg.3.4.4/include/HMG_UNICODE.h:86:0: warning: "HMG_itemPutCConst" redefined
       #define HMG_itemPutCConst(p, c)       hb_itemPutCConst (p, HMG_WCHAR_TO_CHAR(c))
 ^
In file included from eib_hmg.prg:330:0:
c:/hmg.3.4.4/include/HMG_UNICODE.h:117:0: note: this is the location of the previous definition
       #define HMG_itemPutCConst(p, c)       hb_itemPutCConst (p, c)
 ^
In file included from eib_hmg.prg:361:0:
c:/hmg.3.4.4/include/HMG_UNICODE.h:87:0: warning: "HMG_itemPutCLConst" redefined
       #define HMG_itemPutCLConst(p, c, l)   hb_itemPutCLConst(p, HMG_WCHAR_TO_CHAR(c), l)
 ^
In file included from eib_hmg.prg:330:0:
c:/hmg.3.4.4/include/HMG_UNICODE.h:118:0: note: this is the location of the previous definition
       #define HMG_itemPutCLConst(p, c, l)   hb_itemPutCLConst(p, c, l)
 ^
In file included from eib_hmg.prg:361:0:
c:/hmg.3.4.4/include/HMG_UNICODE.h:88:0: warning: "HMG_itemPutCPtr" redefined
       #define HMG_itemPutCPtr(p, c)         hb_itemPutCPtr   (p, HMG_WCHAR_TO_CHAR(c))
 ^
In file included from eib_hmg.prg:330:0:
c:/hmg.3.4.4/include/HMG_UNICODE.h:119:0: note: this is the location of the previous definition
       #define HMG_itemPutCPtr(p, c)         hb_itemPutCPtr   (p, c)
 ^
In file included from eib_hmg.prg:361:0:
c:/hmg.3.4.4/include/HMG_UNICODE.h:89:0: warning: "HMG_itemPutCLPtr" redefined
       #define HMG_itemPutCLPtr(p, c, l)     hb_itemPutCLPtr  (p, HMG_WCHAR_TO_CHAR(c), l)
 ^
In file included from eib_hmg.prg:330:0:
c:/hmg.3.4.4/include/HMG_UNICODE.h:120:0: note: this is the location of the previous definition
       #define HMG_itemPutCLPtr(p, c, l)     hb_itemPutCLPtr  (p, c, l)
 ^
In file included from eib_hmg.prg:361:0:
c:/hmg.3.4.4/include/HMG_UNICODE.h:91:0: warning: "_HMG_SupportUnicode_" redefined
    #define _HMG_SupportUnicode_      1  // Set TRUE
 ^
In file included from eib_hmg.prg:330:0:
c:/hmg.3.4.4/include/HMG_UNICODE.h:122:0: note: this is the location of the previous definition
    #define _HMG_SupportUnicode_      0  // Set FALSE
 ^
In file included from eib_hmg.prg:361:0:
c:/hmg.3.4.4/include/HMG_UNICODE.h:93:0: warning: "HMG_ToUnicode" redefined
    #define HMG_ToUnicode(c) (c)
 ^
In file included from eib_hmg.prg:330:0:
c:/hmg.3.4.4/include/HMG_UNICODE.h:124:0: note: this is the location of the previous definition
    #define HMG_ToUnicode(c) HMG_MBtoWC(c)
 ^
In file included from eib_hmg.prg:361:0:
c:/hmg.3.4.4/include/HMG_UNICODE.h:94:0: warning: "HMG_ToAnsi" redefined
    #define HMG_ToAnsi(c)    HMG_WCtoMB(c)
 ^
In file included from eib_hmg.prg:330:0:
c:/hmg.3.4.4/include/HMG_UNICODE.h:125:0: note: this is the location of the previous definition
    #define HMG_ToAnsi(c)    (c)
 ^
In file included from eib_hmg.prg:361:0:
c:/hmg.3.4.4/include/HMG_UNICODE.h:95:0: warning: "HMG_IsAnsi_UnicodeToAnsi" redefined
    #define HMG_IsAnsi_UnicodeToAnsi(c) (c)
 ^
In file included from eib_hmg.prg:330:0:
c:/hmg.3.4.4/include/HMG_UNICODE.h:126:0: note: this is the location of the previous definition
    #define HMG_IsAnsi_UnicodeToAnsi(c) HMG_WCtoMB(c)
 ^
eib_hmg.prg:366:0: warning: "EM_SETCUEBANNER" redefined
In file included from eib_hmg.prg:364:0:
c:/hmg.3.4.4/mingw/i686-w64-mingw32/include/commctrl.h:5076:0: note: this is the location of the previous definition
 #define EM_SETCUEBANNER (ECM_FIRST+1)
 ^
